{"/src/src/app.js": {"path":"/src/src/app.js","statementMap":{"0":{"start":{"line":1,"column":15},"end":{"line":1,"column":35}},"1":{"start":{"line":3,"column":34},"end":{"line":3,"column":60}},"2":{"start":{"line":4,"column":14},"end":{"line":4,"column":49}},"3":{"start":{"line":5,"column":19},"end":{"line":5,"column":59}},"4":{"start":{"line":6,"column":23},"end":{"line":6,"column":56}},"5":{"start":{"line":8,"column":16},"end":{"line":8,"column":25}},"6":{"start":{"line":10,"column":0},"end":{"line":10,"column":38}},"7":{"start":{"line":11,"column":0},"end":{"line":11,"column":18}},"8":{"start":{"line":12,"column":0},"end":{"line":12,"column":23}},"9":{"start":{"line":13,"column":0},"end":{"line":13,"column":25}},"10":{"start":{"line":15,"column":0},"end":{"line":15,"column":24}}},"fnMap":{},"branchMap":{},"s":{"0":1,"1":1,"2":1,"3":1,"4":1,"5":1,"6":1,"7":1,"8":1,"9":1,"10":1},"f":{},"b":{},"_coverageSchema":"1a1c01bbd47fc00a2c39e90264f33305004495a9","hash":"c5d8b05fec5b25ddbe44168d7793d5398d054620"}
,"/src/src/controllers/managementContrl.js": {"path":"/src/src/controllers/managementContrl.js","statementMap":{"0":{"start":{"line":1,"column":12},"end":{"line":1,"column":42}},"1":{"start":{"line":2,"column":24},"end":{"line":2,"column":60}},"2":{"start":{"line":4,"column":0},"end":{"line":55,"column":2}},"3":{"start":{"line":6,"column":17},"end":{"line":6,"column":47}},"4":{"start":{"line":7,"column":2},"end":{"line":7,"column":38}},"5":{"start":{"line":18,"column":6},"end":{"line":18,"column":14}},"6":{"start":{"line":20,"column":17},"end":{"line":28,"column":4}},"7":{"start":{"line":30,"column":2},"end":{"line":30,"column":38}},"8":{"start":{"line":33,"column":27},"end":{"line":33,"column":35}},"9":{"start":{"line":35,"column":17},"end":{"line":38,"column":4}},"10":{"start":{"line":39,"column":2},"end":{"line":39,"column":38}},"11":{"start":{"line":42,"column":16},"end":{"line":42,"column":26}},"12":{"start":{"line":43,"column":22},"end":{"line":43,"column":30}},"13":{"start":{"line":45,"column":26},"end":{"line":51,"column":6}},"14":{"start":{"line":53,"column":2},"end":{"line":53,"column":47}}},"fnMap":{"0":{"name":"(anonymous_0)","decl":{"start":{"line":5,"column":17},"end":{"line":5,"column":18}},"loc":{"start":{"line":5,"column":37},"end":{"line":8,"column":2}},"line":5},"1":{"name":"(anonymous_1)","decl":{"start":{"line":9,"column":17},"end":{"line":9,"column":18}},"loc":{"start":{"line":9,"column":37},"end":{"line":31,"column":2}},"line":9},"2":{"name":"(anonymous_2)","decl":{"start":{"line":32,"column":28},"end":{"line":32,"column":29}},"loc":{"start":{"line":32,"column":48},"end":{"line":40,"column":2}},"line":32},"3":{"name":"(anonymous_3)","decl":{"start":{"line":41,"column":17},"end":{"line":41,"column":18}},"loc":{"start":{"line":41,"column":37},"end":{"line":54,"column":2}},"line":41}},"branchMap":{},"s":{"0":1,"1":1,"2":1,"3":2,"4":2,"5":4,"6":4,"7":4,"8":1,"9":1,"10":1,"11":3,"12":3,"13":3,"14":3},"f":{"0":2,"1":4,"2":1,"3":3},"b":{},"_coverageSchema":"1a1c01bbd47fc00a2c39e90264f33305004495a9","hash":"2e55b82f06f5444187b9527ca33f980c445ab3c0"}
,"/src/src/controllers/usersContrl.js": {"path":"/src/src/controllers/usersContrl.js","statementMap":{"0":{"start":{"line":1,"column":15},"end":{"line":1,"column":32}},"1":{"start":{"line":2,"column":23},"end":{"line":2,"column":46}},"2":{"start":{"line":3,"column":12},"end":{"line":3,"column":45}},"3":{"start":{"line":4,"column":22},"end":{"line":4,"column":56}},"4":{"start":{"line":5,"column":19},"end":{"line":5,"column":53}},"5":{"start":{"line":8,"column":1},"end":{"line":12,"column":8}},"6":{"start":{"line":9,"column":2},"end":{"line":10,"column":25}},"7":{"start":{"line":10,"column":3},"end":{"line":10,"column":25}},"8":{"start":{"line":11,"column":2},"end":{"line":11,"column":16}},"9":{"start":{"line":15,"column":0},"end":{"line":86,"column":2}},"10":{"start":{"line":18,"column":5},"end":{"line":18,"column":13}},"11":{"start":{"line":20,"column":2},"end":{"line":21,"column":54}},"12":{"start":{"line":21,"column":3},"end":{"line":21,"column":54}},"13":{"start":{"line":23,"column":15},"end":{"line":23,"column":37}},"14":{"start":{"line":24,"column":21},"end":{"line":24,"column":52}},"15":{"start":{"line":25,"column":17},"end":{"line":30,"column":4}},"16":{"start":{"line":32,"column":21},"end":{"line":32,"column":38}},"17":{"start":{"line":33,"column":2},"end":{"line":33,"column":29}},"18":{"start":{"line":34,"column":2},"end":{"line":34,"column":42}},"19":{"start":{"line":37,"column":28},"end":{"line":37,"column":36}},"20":{"start":{"line":39,"column":2},"end":{"line":40,"column":54}},"21":{"start":{"line":40,"column":3},"end":{"line":40,"column":54}},"22":{"start":{"line":42,"column":17},"end":{"line":42,"column":47}},"23":{"start":{"line":43,"column":2},"end":{"line":53,"column":5}},"24":{"start":{"line":44,"column":19},"end":{"line":44,"column":33}},"25":{"start":{"line":45,"column":3},"end":{"line":52,"column":4}},"26":{"start":{"line":46,"column":16},"end":{"line":46,"column":27}},"27":{"start":{"line":47,"column":4},"end":{"line":47,"column":93}},"28":{"start":{"line":48,"column":4},"end":{"line":48,"column":34}},"29":{"start":{"line":50,"column":4},"end":{"line":50,"column":28}},"30":{"start":{"line":51,"column":4},"end":{"line":51,"column":41}},"31":{"start":{"line":55,"column":2},"end":{"line":55,"column":82}},"32":{"start":{"line":58,"column":21},"end":{"line":58,"column":49}},"33":{"start":{"line":59,"column":20},"end":{"line":59,"column":44}},"34":{"start":{"line":61,"column":2},"end":{"line":62,"column":67}},"35":{"start":{"line":62,"column":3},"end":{"line":62,"column":67}},"36":{"start":{"line":64,"column":18},"end":{"line":64,"column":84}},"37":{"start":{"line":65,"column":17},"end":{"line":65,"column":55}},"38":{"start":{"line":67,"column":2},"end":{"line":68,"column":67}},"39":{"start":{"line":68,"column":3},"end":{"line":68,"column":67}},"40":{"start":{"line":70,"column":2},"end":{"line":70,"column":16}},"41":{"start":{"line":71,"column":2},"end":{"line":71,"column":28}},"42":{"start":{"line":73,"column":2},"end":{"line":73,"column":9}},"43":{"start":{"line":76,"column":18},"end":{"line":76,"column":26}},"44":{"start":{"line":77,"column":17},"end":{"line":77,"column":67}},"45":{"start":{"line":79,"column":21},"end":{"line":79,"column":38}},"46":{"start":{"line":81,"column":2},"end":{"line":82,"column":88}},"47":{"start":{"line":82,"column":3},"end":{"line":82,"column":88}},"48":{"start":{"line":84,"column":2},"end":{"line":84,"column":9}}},"fnMap":{"0":{"name":"removePassword","decl":{"start":{"line":7,"column":9},"end":{"line":7,"column":23}},"loc":{"start":{"line":7,"column":29},"end":{"line":13,"column":1}},"line":7},"1":{"name":"(anonymous_1)","decl":{"start":{"line":8,"column":32},"end":{"line":8,"column":33}},"loc":{"start":{"line":8,"column":49},"end":{"line":12,"column":2}},"line":8},"2":{"name":"(anonymous_2)","decl":{"start":{"line":16,"column":13},"end":{"line":16,"column":14}},"loc":{"start":{"line":16,"column":39},"end":{"line":35,"column":2}},"line":16},"3":{"name":"(anonymous_3)","decl":{"start":{"line":36,"column":13},"end":{"line":36,"column":14}},"loc":{"start":{"line":36,"column":39},"end":{"line":56,"column":2}},"line":36},"4":{"name":"(anonymous_4)","decl":{"start":{"line":43,"column":17},"end":{"line":43,"column":18}},"loc":{"start":{"line":43,"column":24},"end":{"line":53,"column":3}},"line":43},"5":{"name":"(anonymous_5)","decl":{"start":{"line":57,"column":19},"end":{"line":57,"column":20}},"loc":{"start":{"line":57,"column":45},"end":{"line":74,"column":2}},"line":57},"6":{"name":"(anonymous_6)","decl":{"start":{"line":75,"column":26},"end":{"line":75,"column":27}},"loc":{"start":{"line":75,"column":52},"end":{"line":85,"column":2}},"line":75}},"branchMap":{"0":{"loc":{"start":{"line":9,"column":2},"end":{"line":10,"column":25}},"type":"if","locations":[{"start":{"line":9,"column":2},"end":{"line":10,"column":25}},{"start":{},"end":{}}],"line":9},"1":{"loc":{"start":{"line":20,"column":2},"end":{"line":21,"column":54}},"type":"if","locations":[{"start":{"line":20,"column":2},"end":{"line":21,"column":54}},{"start":{},"end":{}}],"line":20},"2":{"loc":{"start":{"line":39,"column":2},"end":{"line":40,"column":54}},"type":"if","locations":[{"start":{"line":39,"column":2},"end":{"line":40,"column":54}},{"start":{},"end":{}}],"line":39},"3":{"loc":{"start":{"line":45,"column":3},"end":{"line":52,"column":4}},"type":"if","locations":[{"start":{"line":45,"column":3},"end":{"line":52,"column":4}},{"start":{},"end":{}}],"line":45},"4":{"loc":{"start":{"line":61,"column":2},"end":{"line":62,"column":67}},"type":"if","locations":[{"start":{"line":61,"column":2},"end":{"line":62,"column":67}},{"start":{},"end":{}}],"line":61},"5":{"loc":{"start":{"line":67,"column":2},"end":{"line":68,"column":67}},"type":"if","locations":[{"start":{"line":67,"column":2},"end":{"line":68,"column":67}},{"start":{},"end":{}}],"line":67},"6":{"loc":{"start":{"line":81,"column":2},"end":{"line":82,"column":88}},"type":"if","locations":[{"start":{"line":81,"column":2},"end":{"line":82,"column":88}},{"start":{},"end":{}}],"line":81}},"s":{"0":1,"1":1,"2":1,"3":1,"4":1,"5":0,"6":0,"7":0,"8":0,"9":1,"10":9,"11":9,"12":2,"13":7,"14":7,"15":7,"16":3,"17":3,"18":3,"19":3,"20":3,"21":0,"22":3,"23":3,"24":3,"25":3,"26":3,"27":3,"28":3,"29":3,"30":3,"31":3,"32":14,"33":14,"34":14,"35":0,"36":14,"37":14,"38":14,"39":0,"40":14,"41":14,"42":14,"43":12,"44":12,"45":12,"46":12,"47":4,"48":8},"f":{"0":0,"1":0,"2":9,"3":3,"4":3,"5":14,"6":12},"b":{"0":[0,0],"1":[2,7],"2":[0,3],"3":[3,0],"4":[0,14],"5":[0,14],"6":[4,8]},"_coverageSchema":"1a1c01bbd47fc00a2c39e90264f33305004495a9","hash":"7187f6396edaf527ac193fe2e11e5e346d30b90e"}
,"/src/src/db/connect.js": {"path":"/src/src/db/connect.js","statementMap":{"0":{"start":{"line":1,"column":17},"end":{"line":1,"column":36}},"1":{"start":{"line":2,"column":25},"end":{"line":2,"column":49}},"2":{"start":{"line":4,"column":18},"end":{"line":12,"column":1}},"3":{"start":{"line":5,"column":17},"end":{"line":10,"column":2}},"4":{"start":{"line":11,"column":1},"end":{"line":11,"column":52}},"5":{"start":{"line":14,"column":21},"end":{"line":14,"column":47}},"6":{"start":{"line":14,"column":26},"end":{"line":14,"column":47}},"7":{"start":{"line":15,"column":18},"end":{"line":15,"column":136}},"8":{"start":{"line":15,"column":38},"end":{"line":15,"column":136}},"9":{"start":{"line":15,"column":99},"end":{"line":15,"column":135}},"10":{"start":{"line":17,"column":0},"end":{"line":17,"column":54}}},"fnMap":{"0":{"name":"(anonymous_0)","decl":{"start":{"line":4,"column":18},"end":{"line":4,"column":19}},"loc":{"start":{"line":4,"column":23},"end":{"line":12,"column":1}},"line":4},"1":{"name":"(anonymous_1)","decl":{"start":{"line":14,"column":21},"end":{"line":14,"column":22}},"loc":{"start":{"line":14,"column":26},"end":{"line":14,"column":47}},"line":14},"2":{"name":"(anonymous_2)","decl":{"start":{"line":15,"column":18},"end":{"line":15,"column":19}},"loc":{"start":{"line":15,"column":38},"end":{"line":15,"column":136}},"line":15},"3":{"name":"(anonymous_3)","decl":{"start":{"line":15,"column":94},"end":{"line":15,"column":95}},"loc":{"start":{"line":15,"column":99},"end":{"line":15,"column":135}},"line":15}},"branchMap":{},"s":{"0":1,"1":1,"2":1,"3":1,"4":1,"5":1,"6":1,"7":1,"8":2,"9":2,"10":1},"f":{"0":1,"1":1,"2":2,"3":2},"b":{},"_coverageSchema":"1a1c01bbd47fc00a2c39e90264f33305004495a9","hash":"c3c7e1171dd0855dd3d004e5bb8b1c71cf83fa11"}
,"/src/src/models/managementModel.js": {"path":"/src/src/models/managementModel.js","statementMap":{"0":{"start":{"line":1,"column":17},"end":{"line":1,"column":36}},"1":{"start":{"line":3,"column":25},"end":{"line":35,"column":2}},"2":{"start":{"line":37,"column":0},"end":{"line":37,"column":70}}},"fnMap":{},"branchMap":{},"s":{"0":1,"1":1,"2":1},"f":{},"b":{},"_coverageSchema":"1a1c01bbd47fc00a2c39e90264f33305004495a9","hash":"973143c39b64c1ab6932503b491a72ff4ffa6ee8"}
,"/src/src/models/usersModel.js": {"path":"/src/src/models/usersModel.js","statementMap":{"0":{"start":{"line":1,"column":17},"end":{"line":1,"column":36}},"1":{"start":{"line":3,"column":20},"end":{"line":25,"column":2}},"2":{"start":{"line":27,"column":0},"end":{"line":27,"column":54}}},"fnMap":{},"branchMap":{},"s":{"0":1,"1":1,"2":1},"f":{},"b":{},"_coverageSchema":"1a1c01bbd47fc00a2c39e90264f33305004495a9","hash":"609b6f9e32c6f23121d08b5b62858ddc45527837"}
,"/src/src/routers/managementRouter.js": {"path":"/src/src/routers/managementRouter.js","statementMap":{"0":{"start":{"line":1,"column":15},"end":{"line":1,"column":42}},"1":{"start":{"line":6,"column":4},"end":{"line":6,"column":46}},"2":{"start":{"line":7,"column":44},"end":{"line":7,"column":81}},"3":{"start":{"line":9,"column":0},"end":{"line":13,"column":18}},"4":{"start":{"line":15,"column":0},"end":{"line":18,"column":28}},"5":{"start":{"line":20,"column":0},"end":{"line":23,"column":17}},"6":{"start":{"line":25,"column":0},"end":{"line":25,"column":24}}},"fnMap":{},"branchMap":{},"s":{"0":1,"1":1,"2":1,"3":1,"4":1,"5":1,"6":1},"f":{},"b":{},"_coverageSchema":"1a1c01bbd47fc00a2c39e90264f33305004495a9","hash":"4b53f90b2b73a7cf46405ebe1b6901ef00b1f2ca"}
,"/src/src/routers/usersRouter.js": {"path":"/src/src/routers/usersRouter.js","statementMap":{"0":{"start":{"line":1,"column":15},"end":{"line":1,"column":42}},"1":{"start":{"line":2,"column":27},"end":{"line":2,"column":67}},"2":{"start":{"line":4,"column":0},"end":{"line":5,"column":14}},"3":{"start":{"line":7,"column":0},"end":{"line":8,"column":14}},"4":{"start":{"line":10,"column":0},"end":{"line":10,"column":24}}},"fnMap":{},"branchMap":{},"s":{"0":1,"1":1,"2":1,"3":1,"4":1},"f":{},"b":{},"_coverageSchema":"1a1c01bbd47fc00a2c39e90264f33305004495a9","hash":"ca41f0c0a450a11071443c15944a5ddbbedca832"}
,"/src/src/wrappers/errorWpr.js": {"path":"/src/src/wrappers/errorWpr.js","statementMap":{"0":{"start":{"line":1,"column":17},"end":{"line":1,"column":36}},"1":{"start":{"line":5,"column":2},"end":{"line":5,"column":17}},"2":{"start":{"line":6,"column":2},"end":{"line":6,"column":31}},"3":{"start":{"line":10,"column":21},"end":{"line":21,"column":1}},"4":{"start":{"line":12,"column":1},"end":{"line":13,"column":65}},"5":{"start":{"line":13,"column":2},"end":{"line":13,"column":65}},"6":{"start":{"line":15,"column":17},"end":{"line":15,"column":66}},"7":{"start":{"line":15,"column":54},"end":{"line":15,"column":65}},"8":{"start":{"line":17,"column":1},"end":{"line":18,"column":50}},"9":{"start":{"line":18,"column":2},"end":{"line":18,"column":50}},"10":{"start":{"line":20,"column":1},"end":{"line":20,"column":68}},"11":{"start":{"line":23,"column":0},"end":{"line":23,"column":45}}},"fnMap":{"0":{"name":"(anonymous_0)","decl":{"start":{"line":4,"column":1},"end":{"line":4,"column":2}},"loc":{"start":{"line":4,"column":34},"end":{"line":7,"column":2}},"line":4},"1":{"name":"(anonymous_1)","decl":{"start":{"line":10,"column":21},"end":{"line":10,"column":22}},"loc":{"start":{"line":10,"column":46},"end":{"line":21,"column":1}},"line":10},"2":{"name":"(anonymous_2)","decl":{"start":{"line":15,"column":47},"end":{"line":15,"column":48}},"loc":{"start":{"line":15,"column":54},"end":{"line":15,"column":65}},"line":15}},"branchMap":{"0":{"loc":{"start":{"line":12,"column":1},"end":{"line":13,"column":65}},"type":"if","locations":[{"start":{"line":12,"column":1},"end":{"line":13,"column":65}},{"start":{},"end":{}}],"line":12},"1":{"loc":{"start":{"line":17,"column":1},"end":{"line":18,"column":50}},"type":"if","locations":[{"start":{"line":17,"column":1},"end":{"line":18,"column":50}},{"start":{},"end":{}}],"line":17}},"s":{"0":1,"1":9,"2":9,"3":1,"4":13,"5":9,"6":4,"7":6,"8":4,"9":4,"10":0,"11":1},"f":{"0":9,"1":13,"2":6},"b":{"0":[9,4],"1":[4,0]},"_coverageSchema":"1a1c01bbd47fc00a2c39e90264f33305004495a9","hash":"6acbba56cf36710d930af5335e8e93bb49f950f0"}
,"/src/src/wrappers/nextWpr.js": {"path":"/src/src/wrappers/nextWpr.js","statementMap":{"0":{"start":{"line":2,"column":1},"end":{"line":8,"column":2}},"1":{"start":{"line":3,"column":2},"end":{"line":7,"column":3}},"2":{"start":{"line":4,"column":3},"end":{"line":4,"column":28}},"3":{"start":{"line":6,"column":3},"end":{"line":6,"column":13}},"4":{"start":{"line":11,"column":0},"end":{"line":11,"column":30}}},"fnMap":{"0":{"name":"asyncWrapper","decl":{"start":{"line":1,"column":9},"end":{"line":1,"column":21}},"loc":{"start":{"line":1,"column":26},"end":{"line":9,"column":1}},"line":1},"1":{"name":"(anonymous_1)","decl":{"start":{"line":2,"column":8},"end":{"line":2,"column":9}},"loc":{"start":{"line":2,"column":40},"end":{"line":8,"column":2}},"line":2}},"branchMap":{},"s":{"0":8,"1":48,"2":48,"3":13,"4":1},"f":{"0":8,"1":48},"b":{},"_coverageSchema":"1a1c01bbd47fc00a2c39e90264f33305004495a9","hash":"eabe170e98547b48dad4f01f37036bbbce0daa36"}
}
