{"/src/src/app.js": {"path":"/src/src/app.js","statementMap":{"0":{"start":{"line":1,"column":15},"end":{"line":1,"column":35}},"1":{"start":{"line":3,"column":34},"end":{"line":3,"column":60}},"2":{"start":{"line":4,"column":14},"end":{"line":4,"column":49}},"3":{"start":{"line":5,"column":23},"end":{"line":5,"column":56}},"4":{"start":{"line":7,"column":16},"end":{"line":7,"column":25}},"5":{"start":{"line":9,"column":0},"end":{"line":9,"column":38}},"6":{"start":{"line":10,"column":0},"end":{"line":10,"column":18}},"7":{"start":{"line":11,"column":0},"end":{"line":11,"column":25}},"8":{"start":{"line":13,"column":0},"end":{"line":13,"column":24}}},"fnMap":{},"branchMap":{},"s":{"0":1,"1":1,"2":1,"3":1,"4":1,"5":1,"6":1,"7":1,"8":1},"f":{},"b":{},"_coverageSchema":"1a1c01bbd47fc00a2c39e90264f33305004495a9","hash":"fa7a3c2d4cbcef96d31660f583e8dfd5b439466f"}
,"/src/src/controllers/usersContrl.js": {"path":"/src/src/controllers/usersContrl.js","statementMap":{"0":{"start":{"line":1,"column":15},"end":{"line":1,"column":32}},"1":{"start":{"line":2,"column":12},"end":{"line":2,"column":45}},"2":{"start":{"line":3,"column":22},"end":{"line":3,"column":56}},"3":{"start":{"line":4,"column":19},"end":{"line":4,"column":53}},"4":{"start":{"line":6,"column":0},"end":{"line":34,"column":2}},"5":{"start":{"line":9,"column":5},"end":{"line":9,"column":13}},"6":{"start":{"line":10,"column":2},"end":{"line":11,"column":54}},"7":{"start":{"line":11,"column":3},"end":{"line":11,"column":54}},"8":{"start":{"line":12,"column":15},"end":{"line":12,"column":37}},"9":{"start":{"line":13,"column":21},"end":{"line":13,"column":52}},"10":{"start":{"line":14,"column":17},"end":{"line":19,"column":4}},"11":{"start":{"line":20,"column":2},"end":{"line":20,"column":25}},"12":{"start":{"line":21,"column":2},"end":{"line":21,"column":38}},"13":{"start":{"line":24,"column":28},"end":{"line":24,"column":36}},"14":{"start":{"line":25,"column":2},"end":{"line":26,"column":54}},"15":{"start":{"line":26,"column":3},"end":{"line":26,"column":54}},"16":{"start":{"line":27,"column":17},"end":{"line":27,"column":47}},"17":{"start":{"line":28,"column":2},"end":{"line":31,"column":5}},"18":{"start":{"line":29,"column":3},"end":{"line":30,"column":37}},"19":{"start":{"line":30,"column":4},"end":{"line":30,"column":37}},"20":{"start":{"line":32,"column":2},"end":{"line":32,"column":82}}},"fnMap":{"0":{"name":"(anonymous_0)","decl":{"start":{"line":7,"column":13},"end":{"line":7,"column":14}},"loc":{"start":{"line":7,"column":39},"end":{"line":22,"column":2}},"line":7},"1":{"name":"(anonymous_1)","decl":{"start":{"line":23,"column":13},"end":{"line":23,"column":14}},"loc":{"start":{"line":23,"column":39},"end":{"line":33,"column":2}},"line":23},"2":{"name":"(anonymous_2)","decl":{"start":{"line":28,"column":17},"end":{"line":28,"column":18}},"loc":{"start":{"line":28,"column":24},"end":{"line":31,"column":3}},"line":28}},"branchMap":{"0":{"loc":{"start":{"line":10,"column":2},"end":{"line":11,"column":54}},"type":"if","locations":[{"start":{"line":10,"column":2},"end":{"line":11,"column":54}},{"start":{},"end":{}}],"line":10},"1":{"loc":{"start":{"line":25,"column":2},"end":{"line":26,"column":54}},"type":"if","locations":[{"start":{"line":25,"column":2},"end":{"line":26,"column":54}},{"start":{},"end":{}}],"line":25},"2":{"loc":{"start":{"line":29,"column":3},"end":{"line":30,"column":37}},"type":"if","locations":[{"start":{"line":29,"column":3},"end":{"line":30,"column":37}},{"start":{},"end":{}}],"line":29}},"s":{"0":1,"1":1,"2":1,"3":1,"4":1,"5":7,"6":7,"7":2,"8":5,"9":5,"10":5,"11":1,"12":1,"13":1,"14":1,"15":0,"16":1,"17":1,"18":30,"19":2,"20":0},"f":{"0":7,"1":1,"2":30},"b":{"0":[2,5],"1":[0,1],"2":[2,28]},"_coverageSchema":"1a1c01bbd47fc00a2c39e90264f33305004495a9","hash":"36267c391cab10ffea64e76509c3dc2a65d4239c"}
,"/src/src/db/connect.js": {"path":"/src/src/db/connect.js","statementMap":{"0":{"start":{"line":1,"column":17},"end":{"line":1,"column":36}},"1":{"start":{"line":2,"column":25},"end":{"line":2,"column":49}},"2":{"start":{"line":4,"column":18},"end":{"line":12,"column":1}},"3":{"start":{"line":5,"column":17},"end":{"line":10,"column":2}},"4":{"start":{"line":11,"column":1},"end":{"line":11,"column":52}},"5":{"start":{"line":14,"column":21},"end":{"line":14,"column":47}},"6":{"start":{"line":14,"column":26},"end":{"line":14,"column":47}},"7":{"start":{"line":16,"column":0},"end":{"line":16,"column":43}}},"fnMap":{"0":{"name":"(anonymous_0)","decl":{"start":{"line":4,"column":18},"end":{"line":4,"column":19}},"loc":{"start":{"line":4,"column":23},"end":{"line":12,"column":1}},"line":4},"1":{"name":"(anonymous_1)","decl":{"start":{"line":14,"column":21},"end":{"line":14,"column":22}},"loc":{"start":{"line":14,"column":26},"end":{"line":14,"column":47}},"line":14}},"branchMap":{},"s":{"0":1,"1":1,"2":1,"3":1,"4":1,"5":1,"6":1,"7":1},"f":{"0":1,"1":1},"b":{},"_coverageSchema":"1a1c01bbd47fc00a2c39e90264f33305004495a9","hash":"5981410082469d6d9d153eb3e4b972abfb7c6d79"}
,"/src/src/models/usersModel.js": {"path":"/src/src/models/usersModel.js","statementMap":{"0":{"start":{"line":1,"column":17},"end":{"line":1,"column":36}},"1":{"start":{"line":3,"column":20},"end":{"line":25,"column":2}},"2":{"start":{"line":27,"column":0},"end":{"line":27,"column":54}}},"fnMap":{},"branchMap":{},"s":{"0":1,"1":1,"2":1},"f":{},"b":{},"_coverageSchema":"1a1c01bbd47fc00a2c39e90264f33305004495a9","hash":"609b6f9e32c6f23121d08b5b62858ddc45527837"}
,"/src/src/routers/usersRouter.js": {"path":"/src/src/routers/usersRouter.js","statementMap":{"0":{"start":{"line":1,"column":15},"end":{"line":1,"column":42}},"1":{"start":{"line":2,"column":27},"end":{"line":2,"column":67}},"2":{"start":{"line":4,"column":0},"end":{"line":5,"column":14}},"3":{"start":{"line":7,"column":0},"end":{"line":8,"column":14}},"4":{"start":{"line":10,"column":0},"end":{"line":10,"column":24}}},"fnMap":{},"branchMap":{},"s":{"0":1,"1":1,"2":1,"3":1,"4":1},"f":{},"b":{},"_coverageSchema":"1a1c01bbd47fc00a2c39e90264f33305004495a9","hash":"ca41f0c0a450a11071443c15944a5ddbbedca832"}
,"/src/src/wrappers/errorWpr.js": {"path":"/src/src/wrappers/errorWpr.js","statementMap":{"0":{"start":{"line":1,"column":17},"end":{"line":1,"column":36}},"1":{"start":{"line":5,"column":2},"end":{"line":5,"column":17}},"2":{"start":{"line":6,"column":2},"end":{"line":6,"column":31}},"3":{"start":{"line":10,"column":21},"end":{"line":21,"column":1}},"4":{"start":{"line":12,"column":1},"end":{"line":13,"column":65}},"5":{"start":{"line":13,"column":2},"end":{"line":13,"column":65}},"6":{"start":{"line":15,"column":17},"end":{"line":15,"column":66}},"7":{"start":{"line":15,"column":54},"end":{"line":15,"column":65}},"8":{"start":{"line":17,"column":1},"end":{"line":18,"column":50}},"9":{"start":{"line":18,"column":2},"end":{"line":18,"column":50}},"10":{"start":{"line":20,"column":1},"end":{"line":20,"column":68}},"11":{"start":{"line":23,"column":0},"end":{"line":23,"column":45}}},"fnMap":{"0":{"name":"(anonymous_0)","decl":{"start":{"line":4,"column":1},"end":{"line":4,"column":2}},"loc":{"start":{"line":4,"column":34},"end":{"line":7,"column":2}},"line":4},"1":{"name":"(anonymous_1)","decl":{"start":{"line":10,"column":21},"end":{"line":10,"column":22}},"loc":{"start":{"line":10,"column":46},"end":{"line":21,"column":1}},"line":10},"2":{"name":"(anonymous_2)","decl":{"start":{"line":15,"column":47},"end":{"line":15,"column":48}},"loc":{"start":{"line":15,"column":54},"end":{"line":15,"column":65}},"line":15}},"branchMap":{"0":{"loc":{"start":{"line":12,"column":1},"end":{"line":13,"column":65}},"type":"if","locations":[{"start":{"line":12,"column":1},"end":{"line":13,"column":65}},{"start":{},"end":{}}],"line":12},"1":{"loc":{"start":{"line":17,"column":1},"end":{"line":18,"column":50}},"type":"if","locations":[{"start":{"line":17,"column":1},"end":{"line":18,"column":50}},{"start":{},"end":{}}],"line":17}},"s":{"0":1,"1":2,"2":2,"3":1,"4":7,"5":2,"6":5,"7":6,"8":4,"9":4,"10":0,"11":1},"f":{"0":2,"1":7,"2":6},"b":{"0":[2,5],"1":[4,0]},"_coverageSchema":"1a1c01bbd47fc00a2c39e90264f33305004495a9","hash":"6acbba56cf36710d930af5335e8e93bb49f950f0"}
,"/src/src/wrappers/nextWpr.js": {"path":"/src/src/wrappers/nextWpr.js","statementMap":{"0":{"start":{"line":2,"column":1},"end":{"line":8,"column":2}},"1":{"start":{"line":3,"column":2},"end":{"line":7,"column":3}},"2":{"start":{"line":4,"column":3},"end":{"line":4,"column":28}},"3":{"start":{"line":6,"column":3},"end":{"line":6,"column":13}},"4":{"start":{"line":11,"column":0},"end":{"line":11,"column":30}}},"fnMap":{"0":{"name":"asyncWrapper","decl":{"start":{"line":1,"column":9},"end":{"line":1,"column":21}},"loc":{"start":{"line":1,"column":26},"end":{"line":9,"column":1}},"line":1},"1":{"name":"(anonymous_1)","decl":{"start":{"line":2,"column":8},"end":{"line":2,"column":9}},"loc":{"start":{"line":2,"column":40},"end":{"line":8,"column":2}},"line":2}},"branchMap":{},"s":{"0":2,"1":8,"2":8,"3":7,"4":1},"f":{"0":2,"1":8},"b":{},"_coverageSchema":"1a1c01bbd47fc00a2c39e90264f33305004495a9","hash":"eabe170e98547b48dad4f01f37036bbbce0daa36"}
}
