TN:
SF:src/app.js
FNF:0
FNH:0
DA:1,1
DA:3,1
DA:4,1
DA:5,1
DA:7,1
DA:9,1
DA:10,1
DA:11,1
DA:13,1
LF:9
LH:9
BRF:0
BRH:0
end_of_record
TN:
SF:src/controllers/usersContrl.js
FN:7,(anonymous_0)
FN:23,(anonymous_1)
FN:28,(anonymous_2)
FNF:3
FNH:3
FNDA:7,(anonymous_0)
FNDA:1,(anonymous_1)
FNDA:30,(anonymous_2)
DA:1,1
DA:2,1
DA:3,1
DA:4,1
DA:6,1
DA:9,7
DA:10,7
DA:11,2
DA:12,5
DA:13,5
DA:14,5
DA:20,1
DA:21,1
DA:24,1
DA:25,1
DA:26,0
DA:27,1
DA:28,1
DA:29,30
DA:30,2
DA:32,0
LF:21
LH:19
BRDA:10,0,0,2
BRDA:10,0,1,5
BRDA:25,1,0,0
BRDA:25,1,1,1
BRDA:29,2,0,2
BRDA:29,2,1,28
BRF:6
BRH:5
end_of_record
TN:
SF:src/db/connect.js
FN:4,(anonymous_0)
FN:14,(anonymous_1)
FNF:2
FNH:2
FNDA:1,(anonymous_0)
FNDA:1,(anonymous_1)
DA:1,1
DA:2,1
DA:4,1
DA:5,1
DA:11,1
DA:14,1
DA:16,1
LF:7
LH:7
BRF:0
BRH:0
end_of_record
TN:
SF:src/models/usersModel.js
FNF:0
FNH:0
DA:1,1
DA:3,1
DA:27,1
LF:3
LH:3
BRF:0
BRH:0
end_of_record
TN:
SF:src/routers/usersRouter.js
FNF:0
FNH:0
DA:1,1
DA:2,1
DA:4,1
DA:7,1
DA:10,1
LF:5
LH:5
BRF:0
BRH:0
end_of_record
TN:
SF:src/wrappers/errorWpr.js
FN:4,(anonymous_0)
FN:10,(anonymous_1)
FN:15,(anonymous_2)
FNF:3
FNH:3
FNDA:2,(anonymous_0)
FNDA:7,(anonymous_1)
FNDA:6,(anonymous_2)
DA:1,1
DA:5,2
DA:6,2
DA:10,1
DA:12,7
DA:13,2
DA:15,6
DA:17,4
DA:18,4
DA:20,0
DA:23,1
LF:11
LH:10
BRDA:12,0,0,2
BRDA:12,0,1,5
BRDA:17,1,0,4
BRDA:17,1,1,0
BRF:4
BRH:3
end_of_record
TN:
SF:src/wrappers/nextWpr.js
FN:1,asyncWrapper
FN:2,(anonymous_1)
FNF:2
FNH:2
FNDA:2,asyncWrapper
FNDA:8,(anonymous_1)
DA:2,2
DA:3,8
DA:4,8
DA:6,7
DA:11,1
LF:5
LH:5
BRF:0
BRH:0
end_of_record
