TN:
SF:src/app.js
FNF:0
FNH:0
DA:1,1
DA:3,1
DA:4,1
DA:5,1
DA:6,1
DA:8,1
DA:10,1
DA:11,1
DA:12,1
DA:13,1
DA:15,1
LF:11
LH:11
BRF:0
BRH:0
end_of_record
TN:
SF:src/controllers/managementContrl.js
FN:5,(anonymous_0)
FN:9,(anonymous_1)
FN:32,(anonymous_2)
FN:41,(anonymous_3)
FNF:4
FNH:4
FNDA:2,(anonymous_0)
FNDA:4,(anonymous_1)
FNDA:1,(anonymous_2)
FNDA:3,(anonymous_3)
DA:1,1
DA:2,1
DA:4,1
DA:6,2
DA:7,2
DA:18,4
DA:20,4
DA:30,4
DA:33,1
DA:35,1
DA:39,1
DA:42,3
DA:43,3
DA:45,3
DA:53,3
LF:15
LH:15
BRF:0
BRH:0
end_of_record
TN:
SF:src/controllers/usersContrl.js
FN:7,removePassword
FN:8,(anonymous_1)
FN:16,(anonymous_2)
FN:36,(anonymous_3)
FN:43,(anonymous_4)
FN:57,(anonymous_5)
FN:75,(anonymous_6)
FNF:7
FNH:5
FNDA:0,removePassword
FNDA:0,(anonymous_1)
FNDA:9,(anonymous_2)
FNDA:3,(anonymous_3)
FNDA:3,(anonymous_4)
FNDA:14,(anonymous_5)
FNDA:12,(anonymous_6)
DA:1,1
DA:2,1
DA:3,1
DA:4,1
DA:5,1
DA:8,0
DA:9,0
DA:10,0
DA:11,0
DA:15,1
DA:18,9
DA:20,9
DA:21,2
DA:23,7
DA:24,7
DA:25,7
DA:32,3
DA:33,3
DA:34,3
DA:37,3
DA:39,3
DA:40,0
DA:42,3
DA:43,3
DA:44,3
DA:45,3
DA:46,3
DA:47,3
DA:48,3
DA:50,3
DA:51,3
DA:55,3
DA:58,14
DA:59,14
DA:61,14
DA:62,0
DA:64,14
DA:65,14
DA:67,14
DA:68,0
DA:70,14
DA:71,14
DA:73,14
DA:76,12
DA:77,12
DA:79,12
DA:81,12
DA:82,4
DA:84,8
LF:49
LH:42
BRDA:9,0,0,0
BRDA:9,0,1,0
BRDA:20,1,0,2
BRDA:20,1,1,7
BRDA:39,2,0,0
BRDA:39,2,1,3
BRDA:45,3,0,3
BRDA:45,3,1,0
BRDA:61,4,0,0
BRDA:61,4,1,14
BRDA:67,5,0,0
BRDA:67,5,1,14
BRDA:81,6,0,4
BRDA:81,6,1,8
BRF:14
BRH:8
end_of_record
TN:
SF:src/db/connect.js
FN:4,(anonymous_0)
FN:14,(anonymous_1)
FN:15,(anonymous_2)
FN:15,(anonymous_3)
FNF:4
FNH:4
FNDA:1,(anonymous_0)
FNDA:1,(anonymous_1)
FNDA:2,(anonymous_2)
FNDA:2,(anonymous_3)
DA:1,1
DA:2,1
DA:4,1
DA:5,1
DA:11,1
DA:14,1
DA:15,2
DA:17,1
LF:8
LH:8
BRF:0
BRH:0
end_of_record
TN:
SF:src/models/managementModel.js
FNF:0
FNH:0
DA:1,1
DA:3,1
DA:37,1
LF:3
LH:3
BRF:0
BRH:0
end_of_record
TN:
SF:src/models/usersModel.js
FNF:0
FNH:0
DA:1,1
DA:3,1
DA:27,1
LF:3
LH:3
BRF:0
BRH:0
end_of_record
TN:
SF:src/routers/managementRouter.js
FNF:0
FNH:0
DA:1,1
DA:6,1
DA:7,1
DA:9,1
DA:15,1
DA:20,1
DA:25,1
LF:7
LH:7
BRF:0
BRH:0
end_of_record
TN:
SF:src/routers/usersRouter.js
FNF:0
FNH:0
DA:1,1
DA:2,1
DA:4,1
DA:7,1
DA:10,1
LF:5
LH:5
BRF:0
BRH:0
end_of_record
TN:
SF:src/wrappers/errorWpr.js
FN:4,(anonymous_0)
FN:10,(anonymous_1)
FN:15,(anonymous_2)
FNF:3
FNH:3
FNDA:9,(anonymous_0)
FNDA:13,(anonymous_1)
FNDA:6,(anonymous_2)
DA:1,1
DA:5,9
DA:6,9
DA:10,1
DA:12,13
DA:13,9
DA:15,6
DA:17,4
DA:18,4
DA:20,0
DA:23,1
LF:11
LH:10
BRDA:12,0,0,9
BRDA:12,0,1,4
BRDA:17,1,0,4
BRDA:17,1,1,0
BRF:4
BRH:3
end_of_record
TN:
SF:src/wrappers/nextWpr.js
FN:1,asyncWrapper
FN:2,(anonymous_1)
FNF:2
FNH:2
FNDA:8,asyncWrapper
FNDA:48,(anonymous_1)
DA:2,8
DA:3,48
DA:4,48
DA:6,13
DA:11,1
LF:5
LH:5
BRF:0
BRH:0
end_of_record
